app/build/outputs/logs/manifest-merger-debug-report.txt
-- Merging decision tree log ---
manifest
ADDED from src\main\AndroidManifest.xml:2:1-99:12
	package
		ADDED from src\main\AndroidManifest.xml:3:11-30
		INJECTED from src\main\AndroidManifest.xml
		INJECTED from src\main\AndroidManifest.xml
	android:versionName
		INJECTED from src\main\AndroidManifest.xml
		INJECTED from src\main\AndroidManifest.xml
	xmlns:android
		ADDED from src\main\AndroidManifest.xml:2:11-69
	android:versionCode
		INJECTED from src\main\AndroidManifest.xml
		INJECTED from src\main\AndroidManifest.xml
uses-permission#android.permission.GET_ACCOUNTS
ADDED from src\main\AndroidManifest.xml:5:5-70
	android:name
		ADDED from src\main\AndroidManifest.xml:5:22-68
uses-permission#android.permission.MANAGE_ACCOUNTS
ADDED from src\main\AndroidManifest.xml:6:5-73
	android:name
		ADDED from src\main\AndroidManifest.xml:6:22-71
uses-permission#android.permission.GET_TASKS
ADDED from src\main\AndroidManifest.xml:7:5-67
	android:name
		ADDED from src\main\AndroidManifest.xml:7:22-65
uses-permission#android.permission.INTERNET
ADDED from src\main\AndroidManifest.xml:8:5-66
MERGED from [com.yolanda.nohttp:nohttp:1.1.0] AndroidManifest.xml:11:5-67
	android:name
		ADDED from src\main\AndroidManifest.xml:8:22-64
uses-permission#com.android.launcher.permission.READ_SETTINGS
ADDED from src\main\AndroidManifest.xml:9:5-84
	android:name
		ADDED from src\main\AndroidManifest.xml:9:22-82
uses-permission#android.permission.WAKE_LOCK
ADDED from src\main\AndroidManifest.xml:10:5-67
	android:name
		ADDED from src\main\AndroidManifest.xml:10:22-65
uses-permission#android.permission.WRITE_SETTINGS
ADDED from src\main\AndroidManifest.xml:11:5-72
	android:name
		ADDED from src\main\AndroidManifest.xml:11:22-70
uses-permission#android.permission.ACCESS_COARSE_LOCATION
ADDED from src\main\AndroidManifest.xml:13:5-80
	android:name
		ADDED from src\main\AndroidManifest.xml:13:22-78
uses-permission#android.permission.ACCESS_FINE_LOCATION
ADDED from src\main\AndroidManifest.xml:15:5-78
	android:name
		ADDED from src\main\AndroidManifest.xml:15:22-76
uses-permission#android.permission.ACCESS_WIFI_STATE
ADDED from src\main\AndroidManifest.xml:17:5-75
MERGED from [com.yolanda.nohttp:nohttp:1.1.0] AndroidManifest.xml:13:5-76
	android:name
		ADDED from src\main\AndroidManifest.xml:17:22-73
uses-permission#android.permission.ACCESS_NETWORK_STATE
ADDED from src\main\AndroidManifest.xml:19:5-78
MERGED from [com.yolanda.nohttp:nohttp:1.1.0] AndroidManifest.xml:12:5-79
	android:name
		ADDED from src\main\AndroidManifest.xml:19:22-76
uses-permission#android.permission.CHANGE_WIFI_STATE
ADDED from src\main\AndroidManifest.xml:21:5-75
	android:name
		ADDED from src\main\AndroidManifest.xml:21:22-73
uses-permission#android.permission.READ_PHONE_STATE
ADDED from src\main\AndroidManifest.xml:23:5-74
	android:name
		ADDED from src\main\AndroidManifest.xml:23:22-72
uses-permission#android.permission.WRITE_EXTERNAL_STORAGE
ADDED from src\main\AndroidManifest.xml:25:5-80
MERGED from [com.yolanda.nohttp:nohttp:1.1.0] AndroidManifest.xml:10:5-81
MERGED from [com.squareup.leakcanary:leakcanary-android:1.5] AndroidManifest.xml:26:5-81
	android:name
		ADDED from src\main\AndroidManifest.xml:25:22-78
uses-permission#android.permission.MOUNT_UNMOUNT_FILESYSTEMS
ADDED from src\main\AndroidManifest.xml:27:5-83
	android:name
		ADDED from src\main\AndroidManifest.xml:27:22-81
application
ADDED from src\main\AndroidManifest.xml:29:5-98:19
MERGED from [com.android.support:design:23.4.0] AndroidManifest.xml:22:5-20
MERGED from [com.android.support:appcompat-v7:23.4.0] AndroidManifest.xml:25:5-20
MERGED from [com.android.support:animated-vector-drawable:23.4.0] AndroidManifest.xml:7:5-20
MERGED from [com.android.support:support-vector-drawable:23.4.0] AndroidManifest.xml:7:5-20
MERGED from [com.yanzhenjie.nohttp:okhttp:1.1.0] AndroidManifest.xml:10:5-20
MERGED from [com.android.support:support-v4:23.4.0] AndroidManifest.xml:22:5-20
MERGED from [com.alipay.euler:andfix:0.3.1] AndroidManifest.xml:11:5-12:19
MERGED from [com.squareup.leakcanary:leakcanary-android:1.5] AndroidManifest.xml:28:5-57:19
	android:label
		ADDED from src\main\AndroidManifest.xml:33:9-41
	android:allowBackup
		ADDED from src\main\AndroidManifest.xml:31:9-35
	android:icon
		ADDED from src\main\AndroidManifest.xml:32:9-43
	android:theme
		ADDED from src\main\AndroidManifest.xml:34:9-40
	android:name
		ADDED from src\main\AndroidManifest.xml:30:9-38
activity#cn.lashou.activity.SplashActivity
ADDED from src\main\AndroidManifest.xml:36:9-42:20
	android:name
		ADDED from src\main\AndroidManifest.xml:36:19-58
intent-filter#android.intent.action.MAIN+android.intent.category.LAUNCHER
ADDED from src\main\AndroidManifest.xml:37:13-41:29
action#android.intent.action.MAIN
ADDED from src\main\AndroidManifest.xml:38:17-68
	android:name
		ADDED from src\main\AndroidManifest.xml:38:25-66
category#android.intent.category.LAUNCHER
ADDED from src\main\AndroidManifest.xml:40:17-76
	android:name
		ADDED from src\main\AndroidManifest.xml:40:27-74
meta-data#com.baidu.lbsapi.API_KEY
ADDED from src\main\AndroidManifest.xml:46:9-48:63
	android:value
		ADDED from src\main\AndroidManifest.xml:48:13-61
	android:name
		ADDED from src\main\AndroidManifest.xml:47:13-52
service#com.baidu.location.f
ADDED from src\main\AndroidManifest.xml:50:9-52:45
	android:enabled
		ADDED from src\main\AndroidManifest.xml:51:18-40
	android:process
		ADDED from src\main\AndroidManifest.xml:52:18-43
	android:name
		ADDED from src\main\AndroidManifest.xml:50:18-53
activity#cn.lashou.ui.MainActivity
ADDED from src\main\AndroidManifest.xml:55:9-57:57
	android:screenOrientation
		ADDED from src\main\AndroidManifest.xml:57:19-55
	android:launchMode
		ADDED from src\main\AndroidManifest.xml:56:19-50
	android:name
		ADDED from src\main\AndroidManifest.xml:55:19-50
activity#cn.lashou.activity.LoginActivity
ADDED from src\main\AndroidManifest.xml:59:9-60:57
	android:screenOrientation
		ADDED from src\main\AndroidManifest.xml:60:19-55
	android:name
		ADDED from src\main\AndroidManifest.xml:59:19-57
activity#cn.lashou.activity.MovieCategoryActivity
ADDED from src\main\AndroidManifest.xml:62:9-63:57
	android:screenOrientation
		ADDED from src\main\AndroidManifest.xml:63:19-55
	android:name
		ADDED from src\main\AndroidManifest.xml:62:19-65
activity#cn.lashou.activity.MapActivity
ADDED from src\main\AndroidManifest.xml:65:9-66:57
	android:screenOrientation
		ADDED from src\main\AndroidManifest.xml:66:19-55
	android:name
		ADDED from src\main\AndroidManifest.xml:65:19-55
activity#cn.lashou.activity.GoodDetailsActivity
ADDED from src\main\AndroidManifest.xml:68:9-69:57
	android:screenOrientation
		ADDED from src\main\AndroidManifest.xml:69:19-55
	android:name
		ADDED from src\main\AndroidManifest.xml:68:19-63
activity#cn.lashou.wxapi.WXEntryActivity
ADDED from src\main\AndroidManifest.xml:71:9-75:74
	android:exported
		ADDED from src\main\AndroidManifest.xml:74:13-36
	android:configChanges
		ADDED from src\main\AndroidManifest.xml:73:13-74
	android:theme
		ADDED from src\main\AndroidManifest.xml:75:13-72
	android:name
		ADDED from src\main\AndroidManifest.xml:72:13-59
activity#com.mob.tools.MobUIShell
ADDED from src\main\AndroidManifest.xml:77:9-96:20
	android:screenOrientation
		ADDED from src\main\AndroidManifest.xml:80:13-49
	android:windowSoftInputMode
		ADDED from src\main\AndroidManifest.xml:82:13-67
	android:configChanges
		ADDED from src\main\AndroidManifest.xml:79:13-74
	android:theme
		ADDED from src\main\AndroidManifest.xml:81:13-72
	android:name
		ADDED from src\main\AndroidManifest.xml:78:13-52
intent-filter#android.intent.action.VIEW+android.intent.category.BROWSABLE+android.intent.category.DEFAULT
ADDED from src\main\AndroidManifest.xml:84:13-89:29
data
ADDED from src\main\AndroidManifest.xml:85:17-59
	android:scheme
		ADDED from src\main\AndroidManifest.xml:85:23-57
action#android.intent.action.VIEW
ADDED from src\main\AndroidManifest.xml:86:17-68
	android:name
		ADDED from src\main\AndroidManifest.xml:86:25-66
category#android.intent.category.BROWSABLE
ADDED from src\main\AndroidManifest.xml:87:17-77
	android:name
		ADDED from src\main\AndroidManifest.xml:87:27-75
category#android.intent.category.DEFAULT
ADDED from src\main\AndroidManifest.xml:88:17-75
	android:name
		ADDED from src\main\AndroidManifest.xml:88:27-73
intent-filter#android.intent.category.DEFAULT+com.sina.weibo.sdk.action.ACTION_SDK_REQ_ACTIVITY
ADDED from src\main\AndroidManifest.xml:92:13-95:29
action#com.sina.weibo.sdk.action.ACTION_SDK_REQ_ACTIVITY
ADDED from src\main\AndroidManifest.xml:93:17-91
	android:name
		ADDED from src\main\AndroidManifest.xml:93:25-89
uses-sdk
INJECTED from src\main\AndroidManifest.xml reason: use-sdk injection requested
MERGED from [com.android.support:design:23.4.0] AndroidManifest.xml:20:5-43
MERGED from [com.android.support:recyclerview-v7:23.4.0] AndroidManifest.xml:20:5-43
MERGED from [com.android.support:appcompat-v7:23.4.0] AndroidManifest.xml:21:5-23:78
MERGED from [com.android.support:animated-vector-drawable:23.4.0] AndroidManifest.xml:5:5-44
MERGED from [com.android.support:support-vector-drawable:23.4.0] AndroidManifest.xml:5:5-43
MERGED from [com.jakewharton:butterknife:8.1.0] AndroidManifest.xml:5:5-43
MERGED from [com.yanzhenjie.nohttp:okhttp:1.1.0] AndroidManifest.xml:6:5-8:41
MERGED from [com.yolanda.nohttp:nohttp:1.1.0] AndroidManifest.xml:5:5-7:41
MERGED from [com.github.chrisbanes.photoview:library:1.2.4] AndroidManifest.xml:7:5-9:41
MERGED from [com.android.support:support-v4:23.4.0] AndroidManifest.xml:20:5-43
MERGED from [com.alipay.euler:andfix:0.3.1] AndroidManifest.xml:7:5-9:41
MERGED from [com.facebook.fresco:fresco:1.0.1] AndroidManifest.xml:5:5-7:41
MERGED from [com.facebook.fresco:drawee:1.0.1] AndroidManifest.xml:5:5-7:41
MERGED from [com.facebook.fresco:imagepipeline:1.0.1] AndroidManifest.xml:5:5-7:41
MERGED from [com.facebook.fresco:imagepipeline-base:1.0.1] AndroidManifest.xml:5:5-7:41
MERGED from [com.facebook.fresco:fbcore:1.0.1] AndroidManifest.xml:5:5-7:41
MERGED from [com.squareup.leakcanary:leakcanary-android:1.5] AndroidManifest.xml:20:5-22:41
	tools:overrideLibrary
		ADDED from [com.android.support:appcompat-v7:23.4.0] AndroidManifest.xml:23:9-75
	android:targetSdkVersion
		INJECTED from src\main\AndroidManifest.xml
		INJECTED from src\main\AndroidManifest.xml
	android:minSdkVersion
		INJECTED from src\main\AndroidManifest.xml
		INJECTED from src\main\AndroidManifest.xml
uses-permission#android.permission.READ_EXTERNAL_STORAGE
ADDED from [com.yolanda.nohttp:nohttp:1.1.0] AndroidManifest.xml:9:5-80
MERGED from [com.squareup.leakcanary:leakcanary-android:1.5] AndroidManifest.xml:25:5-80
	android:name
		ADDED from [com.yolanda.nohttp:nohttp:1.1.0] AndroidManifest.xml:9:22-77
service#com.squareup.leakcanary.internal.HeapAnalyzerService
ADDED from [com.squareup.leakcanary:leakcanary-android:1.5] AndroidManifest.xml:29:9-32:45
	android:enabled
		ADDED from [com.squareup.leakcanary:leakcanary-android:1.5] AndroidManifest.xml:31:13-36
	android:process
		ADDED from [com.squareup.leakcanary:leakcanary-android:1.5] AndroidManifest.xml:32:13-42
	android:name
		ADDED from [com.squareup.leakcanary:leakcanary-android:1.5] AndroidManifest.xml:30:13-80
service#com.squareup.leakcanary.DisplayLeakService
ADDED from [com.squareup.leakcanary:leakcanary-android:1.5] AndroidManifest.xml:33:9-35:39
	android:enabled
		ADDED from [com.squareup.leakcanary:leakcanary-android:1.5] AndroidManifest.xml:35:13-36
	android:name
		ADDED from [com.squareup.leakcanary:leakcanary-android:1.5] AndroidManifest.xml:34:13-70
activity#com.squareup.leakcanary.internal.DisplayLeakActivity
ADDED from [com.squareup.leakcanary:leakcanary-android:1.5] AndroidManifest.xml:37:9-49:20
	android:enabled
		ADDED from [com.squareup.leakcanary:leakcanary-android:1.5] AndroidManifest.xml:39:13-36
	android:label
		ADDED from [com.squareup.leakcanary:leakcanary-android:1.5] AndroidManifest.xml:41:13-71
	android:icon
		ADDED from [com.squareup.leakcanary:leakcanary-android:1.5] AndroidManifest.xml:40:13-54
	android:theme
		ADDED from [com.squareup.leakcanary:leakcanary-android:1.5] AndroidManifest.xml:43:13-63
	android:taskAffinity
		ADDED from [com.squareup.leakcanary:leakcanary-android:1.5] AndroidManifest.xml:42:13-59
	android:name
		ADDED from [com.squareup.leakcanary:leakcanary-android:1.5] AndroidManifest.xml:38:13-80
activity#com.squareup.leakcanary.internal.RequestStoragePermissionActivity
ADDED from [com.squareup.leakcanary:leakcanary-android:1.5] AndroidManifest.xml:50:9-56:68
	android:enabled
		ADDED from [com.squareup.leakcanary:leakcanary-android:1.5] AndroidManifest.xml:52:13-36
	android:label
		ADDED from [com.squareup.leakcanary:leakcanary-android:1.5] AndroidManifest.xml:54:13-82
	android:icon
		ADDED from [com.squareup.leakcanary:leakcanary-android:1.5] AndroidManifest.xml:53:13-54
	android:theme
		ADDED from [com.squareup.leakcanary:leakcanary-android:1.5] AndroidManifest.xml:56:13-65
	android:taskAffinity
		ADDED from [com.squareup.leakcanary:leakcanary-android:1.5] AndroidManifest.xml:55:13-59
	android:name
		ADDED from [com.squareup.leakcanary:leakcanary-android:1.5] AndroidManifest.xml:51:13-93